0 info it worked if it ends with ok
1 verbose cli [ 'D:\\Program Files\\nodejs\\node.exe',
1 verbose cli   'D:\\Program Files\\nodejs\\node_modules\\npm\\bin\\npm-cli.js',
1 verbose cli   'run',
1 verbose cli   'tsc:w' ]
2 info using npm@3.9.5
3 info using node@v6.2.2
4 verbose run-script [ 'pretsc:w', 'tsc:w', 'posttsc:w' ]
5 info lifecycle Noteable@1.0.0~pretsc:w: Noteable@1.0.0
6 silly lifecycle Noteable@1.0.0~pretsc:w: no script for pretsc:w, continuing
7 info lifecycle Noteable@1.0.0~tsc:w: Noteable@1.0.0
8 verbose lifecycle Noteable@1.0.0~tsc:w: unsafe-perm in lifecycle true
9 verbose lifecycle Noteable@1.0.0~tsc:w: PATH: D:\Program Files\nodejs\node_modules\npm\bin\node-gyp-bin;D:\Documents\Webtech2\Noteable\presentation\src\main\webapp\node_modules\.bin;D:\Program Files\nodejs;D:\Program Files\nodejs\node_modules\npm\bin\node-gyp-bin;D:\Documents\Webtech2\Noteable\presentation\src\main\webapp\node_modules\.bin;D:\Program Files\nodejs;C:\ProgramData\Oracle\Java\javapath;C:\Windows\system32;C:\Windows;C:\Windows\System32\Wbem;C:\Windows\System32\WindowsPowerShell\v1.0\;C:\WINDOWS\system32;C:\WINDOWS;C:\WINDOWS\System32\Wbem;C:\WINDOWS\System32\WindowsPowerShell\v1.0\;C:\Program Files (x86)\MiKTeX 2.9\miktex\bin\;C:\Program Files (x86)\NVIDIA Corporation\PhysX\Common;D:\Program Files\nodejs\;C:\Program Files\minghc-7.10.2-x86_64\switch;C:\Program Files\minghc-7.10.2-x86_64\git-2.4.5.1\cmd;C:\Program Files\minghc-7.10.2-x86_64\git-2.4.5.1\usr\bin;C:\Program Files\minghc-7.10.2-x86_64\ghc-7.10.2\mingw\bin;C:\Program Files\minghc-7.10.2-x86_64\ghc-7.10.2\bin;C:\Program Files\minghc-7.10.2-x86_64\bin;C:\Users\Thomas\AppData\Roaming\cabal\bin;C:\Users\Thomas\AppData\Roaming\npm
10 verbose lifecycle Noteable@1.0.0~tsc:w: CWD: D:\Documents\Webtech2\Noteable\presentation\src\main\webapp
11 silly lifecycle Noteable@1.0.0~tsc:w: Args: [ '/d /s /c', 'tsc -w' ]
12 silly lifecycle Noteable@1.0.0~tsc:w: Returned: code: 3221225786  signal: null
13 info lifecycle Noteable@1.0.0~tsc:w: Failed to exec tsc:w script
14 verbose stack Error: Noteable@1.0.0 tsc:w: `tsc -w`
14 verbose stack Exit status 3221225786
14 verbose stack     at EventEmitter.<anonymous> (D:\Program Files\nodejs\node_modules\npm\lib\utils\lifecycle.js:245:16)
14 verbose stack     at emitTwo (events.js:106:13)
14 verbose stack     at EventEmitter.emit (events.js:191:7)
14 verbose stack     at ChildProcess.<anonymous> (D:\Program Files\nodejs\node_modules\npm\lib\utils\spawn.js:24:14)
14 verbose stack     at emitTwo (events.js:106:13)
14 verbose stack     at ChildProcess.emit (events.js:191:7)
14 verbose stack     at maybeClose (internal/child_process.js:852:16)
14 verbose stack     at Process.ChildProcess._handle.onexit (internal/child_process.js:215:5)
15 verbose pkgid Noteable@1.0.0
16 verbose cwd D:\Documents\Webtech2\Noteable\presentation\src\main\webapp
17 error Windows_NT 10.0.10586
18 error argv "D:\\Program Files\\nodejs\\node.exe" "D:\\Program Files\\nodejs\\node_modules\\npm\\bin\\npm-cli.js" "run" "tsc:w"
19 error node v6.2.2
20 error npm  v3.9.5
21 error code ELIFECYCLE
22 error Noteable@1.0.0 tsc:w: `tsc -w`
22 error Exit status 3221225786
23 error Failed at the Noteable@1.0.0 tsc:w script 'tsc -w'.
23 error Make sure you have the latest version of node.js and npm installed.
23 error If you do, this is most likely a problem with the Noteable package,
23 error not with npm itself.
23 error Tell the author that this fails on your system:
23 error     tsc -w
23 error You can get information on how to open an issue for this project with:
23 error     npm bugs Noteable
23 error Or if that isn't available, you can get their info via:
23 error     npm owner ls Noteable
23 error There is likely additional logging output above.
24 verbose exit [ 1, true ]
